Start testing: Jan 22 15:47 IST
----------------------------------------------------------
1/1 Testing: CalcTests
1/1 Test: CalcTests
Command: "/home/david_98/Ex1/build/CalcTests"
Directory: /home/david_98/Ex1/build
"CalcTests" start time: Jan 22 15:47 IST
Output:
----------------------------------------------------------
[==========] Running 1 test from 1 test suite.
[----------] Global test environment set-up.
[----------] 1 test from BloomFilterTest
[ RUN      ] BloomFilterTest.BasicTest
[       OK ] BloomFilterTest.BasicTest (0 ms)
[----------] 1 test from BloomFilterTest (0 ms total)

[----------] Global test environment tear-down
[==========] 1 test from 1 test suite ran. (0 ms total)
[  PASSED  ] 1 test.
<end of output>
Test time =   0.00 sec
----------------------------------------------------------
Test Passed.
"CalcTests" end time: Jan 22 15:47 IST
"CalcTests" time elapsed: 00:00:00
----------------------------------------------------------

End testing: Jan 22 15:47 IST
